gcCurDateTransfer01.sql
gcCurDateTransfer02.sql
gcCurDateTransfer03.sql
gcCurDateTransfer04.sql
gcCurDateTransfer05.sql
gcCurDateTransfer07.sql
gcCurDateTransfer08.sql
gcCurDateTransfer09.sql
gcCurDateTransfer10.sql
gcCurDateTransfer11.sql
gcCurDateTransferOlvia.sql
gcCurrTransfer.sql
gcFullTransfer.sql
gcFullTransfer_day.sql
gcFullTransfer_month.sql
gcSumDateTransfer01.sql
gcSumDateTransfer02.sql
gcSumDateTransfer03.sql
gcSumDateTransfer04.sql
gcSumDateTransfer05.sql
gcSumDateTransfer07.sql
gcSumDateTransfer08.sql
gcSumDateTransfer09.sql
gcSumDateTransfer10.sql
gcSumDateTransfer11.sql
gcSumDateTransferOlvia.sql
gcTransferToISA95.sql
gcTransferToISA95_day.sql
gcTransferToISA95_month.sql
gcUpdateCurData.sql
gcUpdateSumData.sql

gcFullTransfer01.sql
gcFullTransfer02.sql
gcFullTransfer03.sql
gcFullTransfer04.sql
gcFullTransfer05.sql
gcFullTransfer07.sql
gcFullTransfer08.sql
gcFullTransfer09.sql
gcFullTransfer10.sql
gcFullTransfer11.sql
gcFullTransfer12.sql

gcFullTransfer_day_month.sql
